TSF_Tab-Separated-Forth:
	UTF-8	#TSF_encoding	10	#TSF_calcPR	TSF_calctest:	#TSF_this	0	#TSF_fin.	TSF_calc.py	1
TSF_calc.py:
	Python2.7.6	linux2	UTF-8
TSF_calctest:
	TSF_calc漢数字:	#TSF_that	一割る三引く(マイナス二分の一)	#TSF_calcFX
TSF_calc漢数字:
	p5|6
#--- OrderedDict ---
#TSF_calc漢数字:
#	一割る三引く(マイナス二分の一)⇔p5|6;0.8333333333;6分の5
#	2分の1を5乗⇔p1|2;0.5;2分の1
#	(2分の1)を5乗⇔p1|32;0.03125;32分の1
#	2分の(1を5乗)⇔p1|2;0.5;2分の1
#	(100分の1)を5乗⇔n|0;n|0;n|0
#	(8万分の1)を5乗⇔n|0;n|0;n|0
#	(478万分の1)を5乗⇔n|0;n|0;n|0
#	億⇔p100000000|1;100000000;1億
#	二百万円⇔p2000000|1;2000000;200万
#	十億百二十円⇔p1000000120|1;1000000120;10億120
#	十億と飛んで百二十円⇔p1000000120|1;1000000120;10億120
#	百二十円⇔p120|1;120;120
#	3.14⇔p157|50;3.14;50分の157
#	円周率⇔p314159|100000;3.14159;10万分の31万4159
#	ネイピア数⇔p67957|25000;2.71828;2万5000分の6万7957
#	∞⇔n|0;n|0;n|0
#	√２⇔p707106781|500000000;1.414213562;5億分の7億710万6781
#	√m2⇔n|0;n|0;n|0
#	２の平方根⇔p2|1;2;2
#	256を二進対数⇔n|0;n|0;n|0
#	２を16乗⇔p65536|1;65536;6万5536
#	無量大数⇔n|0;n|0;n|0
#TSF_calc小数分数パーセント:
#	0.5|3.5⇔p1|7;0.1428571428;7分の1
#	0.5/3.5⇔p1|7;0.1428571428;7分の1
#	1|2/7|2⇔p1|7;0.1428571428;7分の1
#	2|3|5|7⇔p2|105;0.01904761904;105分の2
#	0/100⇔0|1;0;
#	100/0⇔n|0;n|0;n|0
#	10000+%8⇔p10800|1;10800;1万800
#	10000-5%⇔p9500|1;9500;9500
#	7\3⇔p2|1;2;2
#	3.14\1⇔p3|1;3;3
#	9#6⇔p3|1;3;3
#	3|2#1|3⇔p1|6;0.1666666666;6分の1
#	-6⇔m6|1;-6;マイナス6
#	m6⇔m6|1;-6;マイナス6
#	-m6⇔p6|1;6;6
#	-6!⇔p6|1;6;6
#	m6!⇔p6|1;6;6
#	-m6!⇔p6|1;6;6
#TSF_calcゼロ比較演算子(三項演算子):
#	m1Z1|1~0|1⇔0|1;0;
#	0Z1|1~0|1⇔p1|1;1;1
#	p1Z1|1~0|1⇔0|1;0;
#	m1z1|1~0|1⇔p1|1;1;1
#	0z1|1~0|1⇔0|1;0;
#	p1z1|1~0|1⇔p1|1;1;1
#TSF_calcゼロ以上演算子(三項演算子):
#	m1O1|1~0|1⇔0|1;0;
#	0O1|1~0|1⇔p1|1;1;1
#	p1O1|1~0|1⇔p1|1;1;1
#	m1o1|1~0|1⇔0|1;0;
#	0o1|1~0|1⇔0|1;0;
#	p1o1|1~0|1⇔p1|1;1;1
#TSF_calcゼロ以下演算子(三項演算子):
#	m1U1|1~0|1⇔p1|1;1;1
#	0U1|1~0|1⇔p1|1;1;1
#	p1U1|1~0|1⇔0|1;0;
#	m1u1|1~0|1⇔p1|1;1;1
#	0u1|1~0|1⇔0|1;0;
#	p1u1|1~0|1⇔0|1;0;
#TSF_calcゼロ除算演算子(三項演算子):
#	n|0N1|1~0|1⇔p1|1;1;1
#	0/1N1|1~0|1⇔0|1;0;
#	1/0N1|1~0|1⇔p1|1;1;1
#	1/0?1|1~0|1⇔p10|1;10;10
#	n|0Z1|1~0|1⇔0|1;0;
#	n|0z1|1~0|1⇔p1|1;1;1
#	n|0O1|1~0|1⇔0|1;0;
#	n|0o1|1~0|1⇔0|1;0;
#	n|0U1|1~0|1⇔0|1;0;
#	n|0u1|1~0|1⇔0|1;0;
#TSF_calc max,min:
#	0&0<⇔0|1;0;
#	0&1<⇔p1|1;1;1
#	1&0<⇔p1|1;1;1
#	1&1<⇔p1|1;1;1
#	0&0>⇔0|1;0;
#	0&1>⇔0|1;0;
#	1&0>⇔0|1;0;
#	1&1>⇔p1|1;1;1
#TSF_calc平方根atan2:
#	√２⇔p707106781|500000000;1.414213562;5億分の7億710万6781
#	0&m9a⇔p9|1;9;9
#	0&m9a⇔p9|1;9;9
#	m9&m9A⇔n|0;n|0;n|0
#	m9&m9a⇔p636396103|50000000;12.72792206;5000万分の6億3639万6103
#	m9&0A⇔m4421398595|2814749767;-1.570796326;マイナス28億1474万9767分の44億2139万8595
#	m9&0a⇔p9|1;9;9
#	0&9A⇔0|1;0;
#	0&9a⇔p9|1;9;9
#	9&9A⇔p4421398595|5629499534;0.7853981634;56億2949万9534分の44億2139万8595
#	9&9a⇔p636396103|50000000;12.72792206;5000万分の6億3639万6103
#	9&0A⇔p4421398595|2814749767;1.570796326;28億1474万9767分の44億2139万8595
#	9&0a⇔p9|1;9;9
#	9&m9A⇔n|0;n|0;n|0
#	9&m9a⇔p636396103|50000000;12.72792206;5000万分の6億3639万6103
#	0&m9A⇔n|0;n|0;n|0
#	0&0A⇔0|1;0;
#	0&0a⇔0|1;0;
#TSF_calc対数乗数:
#	E1⇔0|1;0;
#	E2⇔p3465735903|5000000000;0.6931471806;50億分の34億6573万5903
#	Ee⇔n|0;n|0;n|0
#	E0⇔n|0;n|0;n|0
#	L10000⇔p4|1;4;4
#	L256⇔p481647993|200000000;2.408239965;2億分の4億8164万7993
#	E256/E2⇔n|0;n|0;n|0
#	L256/L2⇔n|0;n|0;n|0
#	E256+L256⇔p124272147|15625000;7.953417408;1562万5000分の1億2427万2147
#	256&2l⇔p8|1;8;8
#	254&2l⇔p3994342343|500000000;7.988684686;5億分の39億9434万2343
#	10000&10l⇔p4|1;4;4
#	81&3l⇔p4|1;4;4
#	E(256-2)⇔p5537334267|1000000000;5.537334267;10億分の55億3733万4267
#	E(254)⇔p5537334267|1000000000;5.537334267;10億分の55億3733万4267
#	2&16^⇔p65536|1;65536;6万5536
#	2&1|2^⇔p707106781|500000000;1.414213562;5億分の7億710万6781
#	2&0^⇔p1|1;1;1
#	2&0|0^⇔n|0;n|0;n|0
#	0&0^⇔n|0;n|0;n|0
#	2&2^+3&2^⇔p13|1;13;13
#TSF_calc円周率:
#	y⇔p314159|100000;3.14159;10万分の31万4159
#	Y⇔p314159|50000;6.28318;5万分の31万4159
#	π⇔p314159|100000;3.14159;10万分の31万4159
#	θ⇔p314159|50000;6.28318;5万分の31万4159
#	θ|2⇔p314159|100000;3.14159;10万分の31万4159
#	θ*30|360⇔p314159|600000;0.5235983333;60万分の31万4159
#	θ/360*30⇔p314159|600000;0.5235983333;60万分の31万4159
#	30|360*θ⇔p314159|600000;0.5235983333;60万分の31万4159
#	S(θ*30|360)⇔n|0;n|0;n|0
#	S(Y/360*30)⇔n|0;n|0;n|0
#TSF_calc三角関数sincostan:
#	sin(θ*0|360)⇔0|1;0;
#	S(θ*30|360)⇔n|0;n|0;n|0
#	S(θ*60|360)⇔n|0;n|0;n|0
#	S(θ*90|360)⇔n|0;n|0;n|0
#	cos(θ*0|360)⇔p1|1;1;1
#	C(θ*30|360)⇔n|0;n|0;n|0
#	C(θ*60|360)⇔p2500003833|5000000000;0.5000007666;50億分の25億3833
#	C(θ*90|360)⇔n|0;n|0;n|0
#	tan(θ*0|360)⇔0|1;0;
#	T(θ*30|360)⇔p2886748397|5000000000;0.5773496794;50億分の28億8674万8397
#	T(θ*60|360)⇔n|0;n|0;n|0
#	T(θ*90|360)⇔n|0;n|0;n|0
#TSF_calc和数列積数列:
#	kM7⇔p28|1;28;28
#	kM5~10⇔p45|1;45;45
#	kM10~0⇔p55|1;55;55
#	kP7⇔p5040|1;5040;5040
#	kP5~10⇔p151200|1;151200;15万1200
#	kP10~0⇔0|1;0;
#	kP10~2⇔p3628800|1;3628800;362万8800
#	kM100⇔p5050|1;5050;5050
#	kP1~10⇔p3628800|1;3628800;362万8800
#	2P16⇔p65536|1;65536;6万5536
#TSF_calc公約数公倍数:
#	12&16G⇔p4|1;4;4
#	12と16の公約数⇔p48|1;48;48
#	12と16の最大公約数⇔p48|1;48;48
#	12&16g⇔p48|1;48;48
#	12と16の公倍数⇔p4|1;4;4
#	12と16の最小公倍数⇔p4|1;4;4
#TSF_calc冪乗モジュロ(素数フェルマーテスト):
#	2F0~0⇔n|0;n|0;n|0
#	3F0~0⇔n|0;n|0;n|0
#	2F7~7⇔p2|1;2;2
#	3F7~7⇔p3|1;3;3
#	2F60~60⇔p16|1;16;16
#	3F60~60⇔p21|1;21;21
#	2F341~341⇔p2|1;2;2
#	3F341~341⇔p168|1;168;168
#	2F561~561⇔p2|1;2;2
#	3F561~561⇔p3|1;3;3
